[2025-06-19 11:42:35] production.ERROR: The D:\PRO224\DEV\bootstrap\cache directory must be present and writable. {"exception":"[object] (Exception(code: 0): The D:\\PRO224\\DEV\\bootstrap\\cache directory must be present and writable. at D:\\PRO224\\DEV\\lavishstay-backend\\vendor\\laravel\\framework\\src\\Illuminate\\Foundation\\PackageManifest.php:179)
[stacktrace]
#0 D:\\PRO224\\DEV\\lavishstay-backend\\vendor\\laravel\\framework\\src\\Illuminate\\Foundation\\PackageManifest.php(132): Illuminate\\Foundation\\PackageManifest->write(Array)
#1 D:\\PRO224\\DEV\\lavishstay-backend\\vendor\\laravel\\framework\\src\\Illuminate\\Foundation\\PackageManifest.php(108): Illuminate\\Foundation\\PackageManifest->build()
#2 D:\\PRO224\\DEV\\lavishstay-backend\\vendor\\laravel\\framework\\src\\Illuminate\\Foundation\\PackageManifest.php(91): Illuminate\\Foundation\\PackageManifest->getManifest()
#3 D:\\PRO224\\DEV\\lavishstay-backend\\vendor\\laravel\\framework\\src\\Illuminate\\Foundation\\PackageManifest.php(80): Illuminate\\Foundation\\PackageManifest->config('aliases')
#4 D:\\PRO224\\DEV\\lavishstay-backend\\vendor\\laravel\\framework\\src\\Illuminate\\Foundation\\Bootstrap\\RegisterFacades.php(26): Illuminate\\Foundation\\PackageManifest->aliases()
#5 D:\\PRO224\\DEV\\lavishstay-backend\\vendor\\laravel\\framework\\src\\Illuminate\\Foundation\\Application.php(342): Illuminate\\Foundation\\Bootstrap\\RegisterFacades->bootstrap(Object(Illuminate\\Foundation\\Application))
#6 D:\\PRO224\\DEV\\lavishstay-backend\\check_booking.php(30): Illuminate\\Foundation\\Application->bootstrapWith(Array)
#7 {main}
"} 
[2025-06-19 11:46:03] production.ERROR: The D:\PRO224\DEV\bootstrap\cache directory must be present and writable. {"exception":"[object] (Exception(code: 0): The D:\\PRO224\\DEV\\bootstrap\\cache directory must be present and writable. at D:\\PRO224\\DEV\\lavishstay-backend\\vendor\\laravel\\framework\\src\\Illuminate\\Foundation\\PackageManifest.php:179)
[stacktrace]
#0 D:\\PRO224\\DEV\\lavishstay-backend\\vendor\\laravel\\framework\\src\\Illuminate\\Foundation\\PackageManifest.php(132): Illuminate\\Foundation\\PackageManifest->write(Array)
#1 D:\\PRO224\\DEV\\lavishstay-backend\\vendor\\laravel\\framework\\src\\Illuminate\\Foundation\\PackageManifest.php(108): Illuminate\\Foundation\\PackageManifest->build()
#2 D:\\PRO224\\DEV\\lavishstay-backend\\vendor\\laravel\\framework\\src\\Illuminate\\Foundation\\PackageManifest.php(91): Illuminate\\Foundation\\PackageManifest->getManifest()
#3 D:\\PRO224\\DEV\\lavishstay-backend\\vendor\\laravel\\framework\\src\\Illuminate\\Foundation\\PackageManifest.php(80): Illuminate\\Foundation\\PackageManifest->config('aliases')
#4 D:\\PRO224\\DEV\\lavishstay-backend\\vendor\\laravel\\framework\\src\\Illuminate\\Foundation\\Bootstrap\\RegisterFacades.php(26): Illuminate\\Foundation\\PackageManifest->aliases()
#5 D:\\PRO224\\DEV\\lavishstay-backend\\vendor\\laravel\\framework\\src\\Illuminate\\Foundation\\Application.php(342): Illuminate\\Foundation\\Bootstrap\\RegisterFacades->bootstrap(Object(Illuminate\\Foundation\\Application))
#6 D:\\PRO224\\DEV\\lavishstay-backend\\check_booking.php(30): Illuminate\\Foundation\\Application->bootstrapWith(Array)
#7 {main}
"} 
